Info: Starting: Create HDL design files for synthesis
Info: qsys-generate C:\Users\julia\Documents\tse_tutorial\nios_system.qsys --synthesis=VERILOG --output-directory=C:\Users\julia\Documents\tse_tutorial\nios_system\synthesis --family="Arria V" --part=5AGXFB3H4F35C4
Progress: Loading tse_tutorial/nios_system.qsys
Progress: Reading input file
Progress: Adding descriptor_memory [altera_avalon_onchip_memory2 19.1]
Progress: Parameterizing module descriptor_memory
Progress: Adding jtag_uart [altera_avalon_jtag_uart 19.1]
Progress: Parameterizing module jtag_uart
Progress: Adding main_memory [altera_avalon_onchip_memory2 19.1]
Progress: Parameterizing module main_memory
Progress: Adding nios2_gen2_0 [altera_nios2_gen2 19.1]
Progress: Parameterizing module nios2_gen2_0
Progress: Adding sgdma_rx [altera_avalon_sgdma 19.1]
Progress: Parameterizing module sgdma_rx
Progress: Adding sgdma_tx [altera_avalon_sgdma 19.1]
Progress: Parameterizing module sgdma_tx
Progress: Adding sys_clk [clock_source 19.1]
Progress: Parameterizing module sys_clk
Progress: Adding tse [altera_eth_tse 19.1]
Progress: Parameterizing module tse
Progress: Building connections
Progress: Parameterizing connections
Progress: Validating
Progress: Done reading input file
Info: nios_system.jtag_uart: JTAG UART IP input clock need to be at least double (2x) the operating frequency of JTAG TCK on board
Info: nios_system.sgdma_rx: Scatter-Gather DMA Controller will only be supported in Quartus Prime Standard Edition in the future release.
Info: nios_system.sgdma_tx: Scatter-Gather DMA Controller will only be supported in Quartus Prime Standard Edition in the future release.
Info: nios_system.tse.receive/sgdma_rx.in: Ready latency is 2 for source and 0 for sink. Avalon-ST Adapter will be inserted..
Warning: nios_system.tse: tse.mac_misc_connection must be exported, or connected to a matching conduit.
Info: nios_system: Generating nios_system "nios_system" for QUARTUS_SYNTH
Info: avalon_st_adapter: Inserting timing_adapter: timing_adapter_0
Info: descriptor_memory: Starting RTL generation for module 'nios_system_descriptor_memory'
Info: descriptor_memory:   Generation command is [exec C:/intelfpga/19.1/quartus/bin64/perl/bin/perl.exe -I C:/intelfpga/19.1/quartus/sopc_builder/bin/europa -I C:/intelfpga/19.1/quartus/sopc_builder/bin -I C:/intelfpga/19.1/quartus/../ip/altera/sopc_builder_ip/common -I C:/intelfpga/19.1/quartus/../ip/altera/sopc_builder_ip/altera_avalon_onchip_memory2 -- C:/intelfpga/19.1/quartus/../ip/altera/sopc_builder_ip/altera_avalon_onchip_memory2/generate_rtl.pl --name=nios_system_descriptor_memory --dir=C:/Users/julia/AppData/Local/Temp/alt8484_3154730839095610637.dir/0038_descriptor_memory_gen/ --quartus_dir=C:/intelfpga/19.1/quartus --verilog --config=C:/Users/julia/AppData/Local/Temp/alt8484_3154730839095610637.dir/0038_descriptor_memory_gen//nios_system_descriptor_memory_component_configuration.pl  --do_build_sim=0  ]
Info: descriptor_memory: Done RTL generation for module 'nios_system_descriptor_memory'
Info: descriptor_memory: "nios_system" instantiated altera_avalon_onchip_memory2 "descriptor_memory"
Info: jtag_uart: Starting RTL generation for module 'nios_system_jtag_uart'
Info: jtag_uart:   Generation command is [exec C:/intelfpga/19.1/quartus/bin64/perl/bin/perl.exe -I C:/intelfpga/19.1/quartus/sopc_builder/bin/europa -I C:/intelfpga/19.1/quartus/sopc_builder/bin -I C:/intelfpga/19.1/quartus/../ip/altera/sopc_builder_ip/common -I C:/intelfpga/19.1/quartus/../ip/altera/sopc_builder_ip/altera_avalon_jtag_uart -- C:/intelfpga/19.1/quartus/../ip/altera/sopc_builder_ip/altera_avalon_jtag_uart/generate_rtl.pl --name=nios_system_jtag_uart --dir=C:/Users/julia/AppData/Local/Temp/alt8484_3154730839095610637.dir/0039_jtag_uart_gen/ --quartus_dir=C:/intelfpga/19.1/quartus --verilog --config=C:/Users/julia/AppData/Local/Temp/alt8484_3154730839095610637.dir/0039_jtag_uart_gen//nios_system_jtag_uart_component_configuration.pl  --do_build_sim=0  ]
Info: jtag_uart: Done RTL generation for module 'nios_system_jtag_uart'
Info: jtag_uart: "nios_system" instantiated altera_avalon_jtag_uart "jtag_uart"
Info: main_memory: Starting RTL generation for module 'nios_system_main_memory'
Info: main_memory:   Generation command is [exec C:/intelfpga/19.1/quartus/bin64/perl/bin/perl.exe -I C:/intelfpga/19.1/quartus/sopc_builder/bin/europa -I C:/intelfpga/19.1/quartus/sopc_builder/bin -I C:/intelfpga/19.1/quartus/../ip/altera/sopc_builder_ip/common -I C:/intelfpga/19.1/quartus/../ip/altera/sopc_builder_ip/altera_avalon_onchip_memory2 -- C:/intelfpga/19.1/quartus/../ip/altera/sopc_builder_ip/altera_avalon_onchip_memory2/generate_rtl.pl --name=nios_system_main_memory --dir=C:/Users/julia/AppData/Local/Temp/alt8484_3154730839095610637.dir/0040_main_memory_gen/ --quartus_dir=C:/intelfpga/19.1/quartus --verilog --config=C:/Users/julia/AppData/Local/Temp/alt8484_3154730839095610637.dir/0040_main_memory_gen//nios_system_main_memory_component_configuration.pl  --do_build_sim=0  ]
Info: main_memory: Done RTL generation for module 'nios_system_main_memory'
Info: main_memory: "nios_system" instantiated altera_avalon_onchip_memory2 "main_memory"
Info: nios2_gen2_0: "nios_system" instantiated altera_nios2_gen2 "nios2_gen2_0"
Info: sgdma_rx: Starting RTL generation for module 'nios_system_sgdma_rx'
Info: sgdma_rx:   Generation command is [exec C:/intelfpga/19.1/quartus/bin64/perl/bin/perl.exe -I C:/intelfpga/19.1/quartus/sopc_builder/bin/europa -I C:/intelfpga/19.1/quartus/sopc_builder/bin -I C:/intelfpga/19.1/quartus/../ip/altera/sopc_builder_ip/common -I C:/intelfpga/19.1/quartus/../ip/altera/sopc_builder_ip/altera_avalon_sgdma -- C:/intelfpga/19.1/quartus/../ip/altera/sopc_builder_ip/altera_avalon_sgdma/generate_rtl.pl --name=nios_system_sgdma_rx --dir=C:/Users/julia/AppData/Local/Temp/alt8484_3154730839095610637.dir/0041_sgdma_rx_gen/ --quartus_dir=C:/intelfpga/19.1/quartus --verilog --config=C:/Users/julia/AppData/Local/Temp/alt8484_3154730839095610637.dir/0041_sgdma_rx_gen//nios_system_sgdma_rx_component_configuration.pl  --do_build_sim=0  ]
Info: sgdma_rx: Done RTL generation for module 'nios_system_sgdma_rx'
Info: sgdma_rx: "nios_system" instantiated altera_avalon_sgdma "sgdma_rx"
Info: sgdma_tx: Starting RTL generation for module 'nios_system_sgdma_tx'
Info: sgdma_tx:   Generation command is [exec C:/intelfpga/19.1/quartus/bin64/perl/bin/perl.exe -I C:/intelfpga/19.1/quartus/sopc_builder/bin/europa -I C:/intelfpga/19.1/quartus/sopc_builder/bin -I C:/intelfpga/19.1/quartus/../ip/altera/sopc_builder_ip/common -I C:/intelfpga/19.1/quartus/../ip/altera/sopc_builder_ip/altera_avalon_sgdma -- C:/intelfpga/19.1/quartus/../ip/altera/sopc_builder_ip/altera_avalon_sgdma/generate_rtl.pl --name=nios_system_sgdma_tx --dir=C:/Users/julia/AppData/Local/Temp/alt8484_3154730839095610637.dir/0042_sgdma_tx_gen/ --quartus_dir=C:/intelfpga/19.1/quartus --verilog --config=C:/Users/julia/AppData/Local/Temp/alt8484_3154730839095610637.dir/0042_sgdma_tx_gen//nios_system_sgdma_tx_component_configuration.pl  --do_build_sim=0  ]
Info: sgdma_tx: Done RTL generation for module 'nios_system_sgdma_tx'
Info: sgdma_tx: "nios_system" instantiated altera_avalon_sgdma "sgdma_tx"
Info: tse: "nios_system" instantiated altera_eth_tse "tse"
Info: avalon_st_adapter: Inserting error_adapter: error_adapter_0
Info: avalon_st_adapter_001: Inserting error_adapter: error_adapter_0
Info: avalon_st_adapter_002: Inserting error_adapter: error_adapter_0
Info: avalon_st_adapter_003: Inserting error_adapter: error_adapter_0
Info: avalon_st_adapter_004: Inserting error_adapter: error_adapter_0
Info: avalon_st_adapter_005: Inserting error_adapter: error_adapter_0
Info: avalon_st_adapter_006: Inserting error_adapter: error_adapter_0
Info: mm_interconnect_0: "nios_system" instantiated altera_mm_interconnect "mm_interconnect_0"
Info: irq_mapper: "nios_system" instantiated altera_irq_mapper "irq_mapper"
Info: avalon_st_adapter: "nios_system" instantiated altera_avalon_st_adapter "avalon_st_adapter"
Info: rst_controller: "nios_system" instantiated altera_reset_controller "rst_controller"
Info: cpu: Starting RTL generation for module 'nios_system_nios2_gen2_0_cpu'
Info: cpu:   Generation command is [exec C:/intelFPGA/19.1/quartus/bin64//perl/bin/perl.exe -I C:/intelfpga/19.1/quartus/sopc_builder/bin/europa -I C:/intelfpga/19.1/quartus/sopc_builder/bin -I C:/intelfpga/19.1/quartus/../ip/altera/nios2_ip/altera_nios2_gen2/cpu_lib -I C:/intelfpga/19.1/quartus/../ip/altera/nios2_ip/altera_nios2_gen2/nios_lib -I C:/intelfpga/19.1/quartus/../ip/altera/nios2_ip/altera_nios2_gen2 -I C:/intelfpga/19.1/quartus/../ip/altera/nios2_ip/altera_nios2_gen2 -- C:/intelfpga/19.1/quartus/../ip/altera/nios2_ip/altera_nios2_gen2/generate_rtl.pl --name=nios_system_nios2_gen2_0_cpu --dir=C:/Users/julia/AppData/Local/Temp/alt8484_3154730839095610637.dir/0045_cpu_gen/ --quartus_bindir=C:/intelFPGA/19.1/quartus/bin64/ --verilog --config=C:/Users/julia/AppData/Local/Temp/alt8484_3154730839095610637.dir/0045_cpu_gen//nios_system_nios2_gen2_0_cpu_processor_configuration.pl  --do_build_sim=0  ]
Info: cpu: # 2020.08.10 15:59:27 (*) Starting Nios II generation
Info: cpu: # 2020.08.10 15:59:27 (*)   Elaborating CPU configuration settings
Info: cpu: # 2020.08.10 15:59:27 (*)   Creating all objects for CPU
Info: cpu: # 2020.08.10 15:59:28 (*)   Generating RTL from CPU objects
Info: cpu: # 2020.08.10 15:59:28 (*)   Creating plain-text RTL
Info: cpu: # 2020.08.10 15:59:29 (*) Done Nios II generation
Info: cpu: Done RTL generation for module 'nios_system_nios2_gen2_0_cpu'
Info: cpu: "nios2_gen2_0" instantiated altera_nios2_gen2_unit "cpu"
Info: i_tse_mac: "tse" instantiated altera_eth_tse_mac "i_tse_mac"
Info: nios2_gen2_0_data_master_translator: "mm_interconnect_0" instantiated altera_merlin_master_translator "nios2_gen2_0_data_master_translator"
Info: jtag_uart_avalon_jtag_slave_translator: "mm_interconnect_0" instantiated altera_merlin_slave_translator "jtag_uart_avalon_jtag_slave_translator"
Info: nios2_gen2_0_data_master_agent: "mm_interconnect_0" instantiated altera_merlin_master_agent "nios2_gen2_0_data_master_agent"
Info: jtag_uart_avalon_jtag_slave_agent: "mm_interconnect_0" instantiated altera_merlin_slave_agent "jtag_uart_avalon_jtag_slave_agent"
Info: jtag_uart_avalon_jtag_slave_agent_rsp_fifo: "mm_interconnect_0" instantiated altera_avalon_sc_fifo "jtag_uart_avalon_jtag_slave_agent_rsp_fifo"
Info: router: "mm_interconnect_0" instantiated altera_merlin_router "router"
Info: router_001: "mm_interconnect_0" instantiated altera_merlin_router "router_001"
Info: router_005: "mm_interconnect_0" instantiated altera_merlin_router "router_005"
Info: router_006: "mm_interconnect_0" instantiated altera_merlin_router "router_006"
Info: router_008: "mm_interconnect_0" instantiated altera_merlin_router "router_008"
Info: router_012: "mm_interconnect_0" instantiated altera_merlin_router "router_012"
Info: router_013: "mm_interconnect_0" instantiated altera_merlin_router "router_013"
Info: router_014: "mm_interconnect_0" instantiated altera_merlin_router "router_014"
Info: cmd_demux: "mm_interconnect_0" instantiated altera_merlin_demultiplexer "cmd_demux"
Info: cmd_demux_001: "mm_interconnect_0" instantiated altera_merlin_demultiplexer "cmd_demux_001"
Info: cmd_demux_005: "mm_interconnect_0" instantiated altera_merlin_demultiplexer "cmd_demux_005"
Info: cmd_mux: "mm_interconnect_0" instantiated altera_merlin_multiplexer "cmd_mux"
Info: cmd_mux_004: "mm_interconnect_0" instantiated altera_merlin_multiplexer "cmd_mux_004"
Info: Reusing file C:/Users/julia/Documents/tse_tutorial/nios_system/synthesis/submodules/altera_merlin_arbitrator.sv
Info: cmd_mux_005: "mm_interconnect_0" instantiated altera_merlin_multiplexer "cmd_mux_005"
Info: Reusing file C:/Users/julia/Documents/tse_tutorial/nios_system/synthesis/submodules/altera_merlin_arbitrator.sv
Info: cmd_mux_006: "mm_interconnect_0" instantiated altera_merlin_multiplexer "cmd_mux_006"
Info: Reusing file C:/Users/julia/Documents/tse_tutorial/nios_system/synthesis/submodules/altera_merlin_arbitrator.sv
Info: rsp_demux_005: "mm_interconnect_0" instantiated altera_merlin_demultiplexer "rsp_demux_005"
Info: rsp_demux_006: "mm_interconnect_0" instantiated altera_merlin_demultiplexer "rsp_demux_006"
Info: rsp_mux: "mm_interconnect_0" instantiated altera_merlin_multiplexer "rsp_mux"
Info: Reusing file C:/Users/julia/Documents/tse_tutorial/nios_system/synthesis/submodules/altera_merlin_arbitrator.sv
Info: rsp_mux_001: "mm_interconnect_0" instantiated altera_merlin_multiplexer "rsp_mux_001"
Info: Reusing file C:/Users/julia/Documents/tse_tutorial/nios_system/synthesis/submodules/altera_merlin_arbitrator.sv
Info: rsp_mux_005: "mm_interconnect_0" instantiated altera_merlin_multiplexer "rsp_mux_005"
Info: Reusing file C:/Users/julia/Documents/tse_tutorial/nios_system/synthesis/submodules/altera_merlin_arbitrator.sv
Info: avalon_st_adapter: "mm_interconnect_0" instantiated altera_avalon_st_adapter "avalon_st_adapter"
Info: timing_adapter_0: "avalon_st_adapter" instantiated timing_adapter "timing_adapter_0"
Info: error_adapter_0: "avalon_st_adapter" instantiated error_adapter "error_adapter_0"
Info: nios_system: Done "nios_system" with 42 modules, 172 files
Info: qsys-generate succeeded.
Info: Finished: Create HDL design files for synthesis
