Flow report for tse_tutorial
Thu Aug 20 14:10:24 2020
Quartus Prime Version 19.1.0 Build 670 09/22/2019 SJ Standard Edition


---------------------
; Table of Contents ;
---------------------
  1. Legal Notice
  2. Flow Summary
  3. Flow Settings
  4. Flow Non-Default Global Settings
  5. Flow Elapsed Time
  6. Flow OS Summary
  7. Flow Log
  8. Flow Messages
  9. Flow Suppressed Messages



----------------
; Legal Notice ;
----------------
Copyright (C) 2019  Intel Corporation. All rights reserved.
Your use of Intel Corporation's design tools, logic functions 
and other software and tools, and any partner logic 
functions, and any output files from any of the foregoing 
(including device programming or simulation files), and any 
associated documentation or information are expressly subject 
to the terms and conditions of the Intel Program License 
Subscription Agreement, the Intel Quartus Prime License Agreement,
the Intel FPGA IP License Agreement, or other applicable license
agreement, including, without limitation, that your use is for
the sole purpose of programming logic devices manufactured by
Intel and sold by Intel or its authorized distributors.  Please
refer to the applicable agreement for further details, at
https://fpgasoftware.intel.com/eula.



+-----------------------------------------------------------------------------------+
; Flow Summary                                                                      ;
+---------------------------------+-------------------------------------------------+
; Flow Status                     ; Successful - Thu Aug 20 14:09:30 2020           ;
; Quartus Prime Version           ; 19.1.0 Build 670 09/22/2019 SJ Standard Edition ;
; Revision Name                   ; tse_tutorial                                    ;
; Top-level Entity Name           ; tse_tutorial                                    ;
; Family                          ; Arria V                                         ;
; Device                          ; 5AGXFB3H4F35C4                                  ;
; Timing Models                   ; Final                                           ;
; Logic utilization (in ALMs)     ; 3,393 / 136,880 ( 2 % )                         ;
; Total registers                 ; 7006                                            ;
; Total pins                      ; 17 / 656 ( 3 % )                                ;
; Total virtual pins              ; 0                                               ;
; Total block memory bits         ; 2,689,758 / 17,674,240 ( 15 % )                 ;
; Total DSP Blocks                ; 0 / 1,045 ( 0 % )                               ;
; Total HSSI RX PCSs              ; 0 / 24 ( 0 % )                                  ;
; Total HSSI PMA RX Deserializers ; 0 / 24 ( 0 % )                                  ;
; Total HSSI TX PCSs              ; 0 / 24 ( 0 % )                                  ;
; Total HSSI PMA TX Serializers   ; 0 / 24 ( 0 % )                                  ;
; Total PLLs                      ; 1 / 36 ( 3 % )                                  ;
; Total DLLs                      ; 0 / 4 ( 0 % )                                   ;
+---------------------------------+-------------------------------------------------+


+-----------------------------------------+
; Flow Settings                           ;
+-------------------+---------------------+
; Option            ; Setting             ;
+-------------------+---------------------+
; Start date & time ; 08/20/2020 13:56:36 ;
; Main task         ; Compilation         ;
; Revision Name     ; tse_tutorial        ;
+-------------------+---------------------+


+------------------------------------------------------------------------------------------------------------------------------------------------+
; Flow Non-Default Global Settings                                                                                                               ;
+-------------------------------------+---------------------------------------------------------------+---------------+-------------+------------+
; Assignment Name                     ; Value                                                         ; Default Value ; Entity Name ; Section Id ;
+-------------------------------------+---------------------------------------------------------------+---------------+-------------+------------+
; COMPILER_SIGNATURE_ID               ; 53447161995196.159794619406388                                ; --            ; --          ; --         ;
; MAX_CORE_JUNCTION_TEMP              ; 85                                                            ; --            ; --          ; --         ;
; MIN_CORE_JUNCTION_TEMP              ; 0                                                             ; --            ; --          ; --         ;
; MISC_FILE                           ; nios_system/synthesis/../nios_system.cmp                      ; --            ; --          ; --         ;
; MISC_FILE                           ; nios_system/synthesis/../../nios_system.qsys                  ; --            ; --          ; --         ;
; MISC_FILE                           ; my_pll.cmp                                                    ; --            ; --          ; --         ;
; MISC_FILE                           ; my_pll_sim/my_pll.vo                                          ; --            ; --          ; --         ;
; MISC_FILE                           ; my_ddio_out.ppf                                               ; --            ; --          ; --         ;
; PARTITION_COLOR                     ; -- (Not supported for targeted family)                        ; --            ; --          ; Top        ;
; PARTITION_FITTER_PRESERVATION_LEVEL ; -- (Not supported for targeted family)                        ; --            ; --          ; Top        ;
; PARTITION_NETLIST_TYPE              ; -- (Not supported for targeted family)                        ; --            ; --          ; Top        ;
; POWER_BOARD_THERMAL_MODEL           ; None (CONSERVATIVE)                                           ; --            ; --          ; --         ;
; POWER_PRESET_COOLING_SOLUTION       ; 23 MM HEAT SINK WITH 200 LFPM AIRFLOW                         ; --            ; --          ; --         ;
; PROJECT_OUTPUT_DIRECTORY            ; output_files                                                  ; --            ; --          ; --         ;
; SLD_FILE                            ; nios_system/synthesis/nios_system.regmap                      ; --            ; --          ; --         ;
; SLD_FILE                            ; nios_system/synthesis/nios_system.debuginfo                   ; --            ; --          ; --         ;
; SLD_INFO                            ; QSYS_NAME nios_system HAS_SOPCINFO 1 GENERATION_ID 1597944733 ; --            ; nios_system ; --         ;
; SOPCINFO_FILE                       ; nios_system/synthesis/../../nios_system.sopcinfo              ; --            ; --          ; --         ;
; SPD_FILE                            ; my_pll.spd                                                    ; --            ; --          ; --         ;
; SYNTHESIS_ONLY_QIP                  ; On                                                            ; --            ; --          ; --         ;
; SYNTHESIS_ONLY_QIP                  ; On                                                            ; --            ; --          ; --         ;
+-------------------------------------+---------------------------------------------------------------+---------------+-------------+------------+


+--------------------------------------------------------------------------------------------------------------------------+
; Flow Elapsed Time                                                                                                        ;
+----------------------+--------------+-------------------------+---------------------+------------------------------------+
; Module Name          ; Elapsed Time ; Average Processors Used ; Peak Virtual Memory ; Total CPU Time (on all processors) ;
+----------------------+--------------+-------------------------+---------------------+------------------------------------+
; Analysis & Synthesis ; 00:02:53     ; 1.6                     ; 5342 MB             ; 00:04:26                           ;
; Fitter               ; 00:08:06     ; 1.3                     ; 8821 MB             ; 00:24:03                           ;
; Assembler            ; 00:01:14     ; 1.0                     ; 5043 MB             ; 00:01:03                           ;
; Timing Analyzer      ; 00:00:52     ; 1.9                     ; 6035 MB             ; 00:01:15                           ;
; Total                ; 00:13:05     ; --                      ; --                  ; 00:30:47                           ;
+----------------------+--------------+-------------------------+---------------------+------------------------------------+


+------------------------------------------------------------------------------------+
; Flow OS Summary                                                                    ;
+----------------------+------------------+------------+------------+----------------+
; Module Name          ; Machine Hostname ; OS Name    ; OS Version ; Processor type ;
+----------------------+------------------+------------+------------+----------------+
; Analysis & Synthesis ; DESKTOP-MF6DRFH  ; Windows 10 ; 10.0       ; x86_64         ;
; Fitter               ; DESKTOP-MF6DRFH  ; Windows 10 ; 10.0       ; x86_64         ;
; Assembler            ; DESKTOP-MF6DRFH  ; Windows 10 ; 10.0       ; x86_64         ;
; Timing Analyzer      ; DESKTOP-MF6DRFH  ; Windows 10 ; 10.0       ; x86_64         ;
+----------------------+------------------+------------+------------+----------------+


------------
; Flow Log ;
------------
quartus_map --read_settings_files=on --write_settings_files=off tse_tutorial -c tse_tutorial
quartus_fit --read_settings_files=off --write_settings_files=off tse_tutorial -c tse_tutorial
quartus_asm --read_settings_files=off --write_settings_files=off tse_tutorial -c tse_tutorial
quartus_sta tse_tutorial -c tse_tutorial



