         ps   /mic_full_filter_wt_tb/dout   
          0              0000000000000000 
   72785000              1111111111111111 
   92785000              1111111111111011 
  112785000              0000000000001010 
  132785000              1111111111110100 
  152785000              1111111111111111 
  172785000              0000000000010001 
  192785000              1111111111010100 
  212785000              0000000001000010 
  232785000              1111111111010100 
  252785000              1111111111101100 
  272785000              0000000001101111 
  292785000              1111111100011000 
  312785000              0000000100010010 
  332785000              1111111101001001 
  352785000              1111111011111111 
  372785000              0000110001000100 
  392785000              0000110100100010 
  412785000              0000001010001011 
  432785000              0000001010011001 
  452785000              0000001010110100 
  472785000              0000000101001101 
  492785000              0000000100100000 
  512785000              0000000000111111 
  532785000              0000000100111001 
  552785000              0000000000111100 
  572785000              1111111110101001 
  592785000              0000000010110001 
  612785000              0000000001100010 
  632785000              1111111110010000 
  652785000              1111111101001110 
  672785000              0000000001110100 
  692785000              1111111101110000 
  712785000              1111111100011101 
  732785000              1111111110000100 
  752785000              1111111010110000 
  772785000              1111111100101011 
  792785000              1111110000010111 
  812785000              1111111011001110 
  832785000              1111110000011101 
  852785000              1111000011001010 
  872785000              0000000101101000 
  892785000              0000111011010111 
  912785000              0000001010111110 
  932785000              0000000111010001 
  952785000              0000001110000111 
  972785000              0000000011001111 
  992785000              0000000101001110 
 1012785000              0000000001010011 
 1032785000              0000000100000110 
 1052785000              0000000001100100 
 1072785000              1111111110010101 
 1092785000              0000000010110111 
 1112785000              0000000001101010 
 1132785000              1111111110001000 
 1152785000              1111111101010011 
 1172785000              0000000001110100 
 1192785000              1111111101110000 
 1212785000              1111111100011111 
 1232785000              1111111110000100 
 1252785000              1111111010110000 
 1272785000              1111111100101110 
 1292785000              1111110000010111 
 1312785000              1111111011001110 
 1332785000              1111110000011101 
 1352785000              1111000011001010 
 1372785000              0000000101101000 
 1392785000              0000111011010101 
 1412785000              0000001010111110 
 1432785000              0000000111010010 
 1452785000              0000001110000110 
 1472785000              0000000011010000 
 1492785000              0000000101001110 
 1512785000              0000000001010001 
 1532785000              0000000100000101 
 1552785000              0000000001100110 
 1572785000              1111111110010100 
 1592785000              0000000010110101 
 1612785000              0000000001101101 
 1632785000              1111111110001000 
 1652785000              1111111101010010 
 1672785000              0000000001110110 
 1692785000              1111111101110000 
 1712785000              1111111100011111 
 1732785000              1111111110000101 
 1752785000              1111111010101111 
 1772785000              1111111100101110 
 1792785000              1111110000010111 
 1812785000              1111111011001110 
 1832785000              1111110000011101 
 1852785000              1111000011001010 
 1872785000              0000000101101000 
 1892785000              0000111011010101 
 1912785000              0000001010111110 
 1932785000              0000000111010010 
 1952785000              0000001110000110 
 1972785000              0000000011010000 
 1992785000              0000000101001110 
 2012785000              0000000001010001 
 2032785000              0000000100000111 
 2052785000              0000000001100110 
 2072785000              1111111110010100 
 2092785000              0000000010110110 
 2112785000              0000000001101100 
 2132785000              1111111110001000 
 2152785000              1111111101010010 
 2172785000              0000000001110100 
 2192785000              1111111101110000 
 2212785000              1111111100011111 
 2232785000              1111111110000100 
 2252785000              1111111010110000 
 2272785000              1111111100101110 
 2292785000              1111110000010111 
 2312785000              1111111011001110 
 2332785000              1111110000011101 
 2352785000              1111000011001010 
 2372785000              0000000101101000 
 2392785000              0000111011010101 
 2412785000              0000001010111101 
 2432785000              0000000111010011 
 2452785000              0000001110000101 
 2472785000              0000000011010000 
 2492785000              0000000101010000 
 2512785000              0000000001010001 
 2532785000              0000000100000110 
 2552785000              0000000001100101 
 2572785000              1111111110010101 
 2592785000              0000000010111000 
 2612785000              0000000001101010 
 2632785000              1111111110001000 
 2652785000              1111111101010011 
 2672785000              0000000001110100 
 2692785000              1111111101110000 
 2712785000              1111111100011101 
 2732785000              1111111110000100 
 2752785000              1111111010110000 
 2772785000              1111111100101011 
 2792785000              1111110000010111 
 2812785000              1111111011001110 
 2832785000              1111110000011101 
 2852785000              1111000011001010 
 2872785000              0000000101101000 
 2892785000              0000111011010111 
 2912785000              0000001010111110 
 2932785000              0000000111010001 
 2952785000              0000001110000111 
 2972785000              0000000011001111 
 2992785000              0000000101001110 
 3012785000              0000000001010011 
 3032785000              0000000100000110 
 3052785000              0000000001100100 
 3072785000              1111111110010101 
 3092785000              0000000010110111 
 3112785000              0000000001101010 
 3132785000              1111111110001000 
 3152785000              1111111101010011 
 3172785000              0000000001110100 
 3192785000              1111111101110000 
 3212785000              1111111100011111 
 3232785000              1111111110000100 
 3252785000              1111111010110000 
 3272785000              1111111100101110 
 3292785000              1111110000010111 
 3312785000              1111111011001110 
 3332785000              1111110000011101 
 3352785000              1111000011001010 
 3372785000              0000000101101000 
 3392785000              0000111011010101 
 3412785000              0000001010111110 
 3432785000              0000000111010010 
 3452785000              0000001110000110 
 3472785000              0000000011010000 
 3492785000              0000000101001110 
 3512785000              0000000001010001 
 3532785000              0000000100000101 
 3552785000              0000000001100110 
 3572785000              1111111110010100 
 3592785000              0000000010110101 
 3612785000              0000000001101101 
 3632785000              1111111110001000 
 3652785000              1111111101010010 
 3672785000              0000000001110110 
 3692785000              1111111101110000 
 3712785000              1111111100011111 
 3732785000              1111111110000101 
 3752785000              1111111010101111 
 3772785000              1111111100101110 
 3792785000              1111110000010111 
 3812785000              1111111011001110 
 3832785000              1111110000011101 
 3852785000              1111000011001010 
 3872785000              0000000101101000 
 3892785000              0000111011010101 
 3912785000              0000001010111110 
 3932785000              0000000111010010 
 3952785000              0000001110000110 
 3972785000              0000000011010000 
 3992785000              0000000101001110 
 4012785000              0000000001010001 
